[2017-03-07 19:34:38] app.INFO: Matched route "{route}". {"route":"GET_category","route_parameters":{"_controller":"[object] (Closure: {})","_route":"GET_category"},"request_uri":"http://localhost/jmlShopping/public/api.php/category","method":"GET"} []
[2017-03-07 19:34:38] app.DEBUG: > GET /jmlShopping/public/api.php/category [] []
[2017-03-07 19:34:38] app.INFO: Matched route "{route}". {"route":"GET_product","route_parameters":{"_controller":"[object] (Closure: {})","_route":"GET_product"},"request_uri":"http://localhost/jmlShopping/public/api.php/product","method":"GET"} []
[2017-03-07 19:34:38] app.DEBUG: > GET /jmlShopping/public/api.php/product [] []
[2017-03-07 19:34:38] app.DEBUG: < 401 [] []
[2017-03-07 19:34:38] app.DEBUG: < 401 [] []
[2017-03-07 19:34:39] app.INFO: Matched route "{route}". {"route":"GET_category","route_parameters":{"_controller":"[object] (Closure: {})","_route":"GET_category"},"request_uri":"http://localhost/jmlShopping/public/api.php/category","method":"GET"} []
[2017-03-07 19:34:39] app.DEBUG: > GET /jmlShopping/public/api.php/category [] []
[2017-03-07 19:34:39] app.DEBUG: < 401 [] []
[2017-03-07 19:34:39] app.INFO: Matched route "{route}". {"route":"GET_product","route_parameters":{"_controller":"[object] (Closure: {})","_route":"GET_product"},"request_uri":"http://localhost/jmlShopping/public/api.php/product","method":"GET"} []
[2017-03-07 19:34:39] app.DEBUG: > GET /jmlShopping/public/api.php/product [] []
[2017-03-07 19:34:39] app.DEBUG: < 401 [] []
[2017-03-07 19:34:44] app.INFO: Matched route "{route}". {"route":"POST_login","route_parameters":{"_controller":"[object] (Closure: {})","_route":"POST_login"},"request_uri":"http://localhost/jmlShopping/public/api.php/login","method":"POST"} []
[2017-03-07 19:34:44] app.DEBUG: > POST /jmlShopping/public/api.php/login [] []
[2017-03-07 19:34:44] app.CRITICAL: InvalidArgumentException: Identifier "seed" is not defined. (uncaught exception) at /home/jml/dvlt/www/jmlShopping/Api/vendor/pimple/pimple/src/Pimple/Container.php line 96 {"exception":"[object] (InvalidArgumentException(code: 0): Identifier \"seed\" is not defined. at /home/jml/dvlt/www/jmlShopping/Api/vendor/pimple/pimple/src/Pimple/Container.php:96)"} []
[2017-03-07 19:34:44] app.DEBUG: < 500 [] []
[2017-03-07 23:29:56] app.DEBUG: User "jml" created with password "chicken" [] []
[2017-03-07 23:30:02] app.INFO: Matched route "{route}". {"route":"GET_category","route_parameters":{"_controller":"[object] (Closure: {})","_route":"GET_category"},"request_uri":"http://localhost/jmlShopping/public/api.php/category","method":"GET"} []
[2017-03-07 23:30:02] app.DEBUG: > GET /jmlShopping/public/api.php/category [] []
[2017-03-07 23:30:02] app.DEBUG: < 401 [] []
[2017-03-07 23:30:02] app.INFO: Matched route "{route}". {"route":"GET_product","route_parameters":{"_controller":"[object] (Closure: {})","_route":"GET_product"},"request_uri":"http://localhost/jmlShopping/public/api.php/product","method":"GET"} []
[2017-03-07 23:30:02] app.DEBUG: > GET /jmlShopping/public/api.php/product [] []
[2017-03-07 23:30:02] app.DEBUG: < 401 [] []
[2017-03-07 23:30:07] app.INFO: Matched route "{route}". {"route":"POST_login","route_parameters":{"_controller":"[object] (Closure: {})","_route":"POST_login"},"request_uri":"http://localhost/jmlShopping/public/api.php/login","method":"POST"} []
[2017-03-07 23:30:07] app.DEBUG: > POST /jmlShopping/public/api.php/login [] []
[2017-03-07 23:30:07] app.DEBUG: < 200 [] []
[2017-03-07 23:30:07] app.INFO: Matched route "{route}". {"route":"GET_category","route_parameters":{"_controller":"[object] (Closure: {})","_route":"GET_category"},"request_uri":"http://localhost/jmlShopping/public/api.php/category","method":"GET"} []
[2017-03-07 23:30:07] app.DEBUG: > GET /jmlShopping/public/api.php/category [] []
[2017-03-07 23:30:07] app.INFO: Matched route "{route}". {"route":"GET_product","route_parameters":{"_controller":"[object] (Closure: {})","_route":"GET_product"},"request_uri":"http://localhost/jmlShopping/public/api.php/product","method":"GET"} []
[2017-03-07 23:30:07] app.DEBUG: > GET /jmlShopping/public/api.php/product [] []
[2017-03-07 23:30:07] app.DEBUG: < 200 [] []
[2017-03-07 23:30:07] app.DEBUG: < 200 [] []
[2017-03-07 23:30:15] app.INFO: Matched route "{route}". {"route":"GET_category","route_parameters":{"_controller":"[object] (Closure: {})","_route":"GET_category"},"request_uri":"http://localhost/jmlShopping/public/api.php/category","method":"GET"} []
[2017-03-07 23:30:15] app.DEBUG: > GET /jmlShopping/public/api.php/category [] []
[2017-03-07 23:30:15] app.INFO: Matched route "{route}". {"route":"GET_product","route_parameters":{"_controller":"[object] (Closure: {})","_route":"GET_product"},"request_uri":"http://localhost/jmlShopping/public/api.php/product","method":"GET"} []
[2017-03-07 23:30:15] app.DEBUG: > GET /jmlShopping/public/api.php/product [] []
[2017-03-07 23:30:15] app.DEBUG: < 200 [] []
[2017-03-07 23:30:15] app.DEBUG: < 200 [] []
[2017-03-07 23:31:11] app.INFO: Matched route "{route}". {"route":"POST_product","route_parameters":{"_controller":"[object] (Closure: {})","_route":"POST_product"},"request_uri":"http://localhost/jmlShopping/public/api.php/product","method":"POST"} []
[2017-03-07 23:31:11] app.DEBUG: > POST /jmlShopping/public/api.php/product [] []
[2017-03-07 23:31:11] app.DEBUG: < 200 [] []
[2017-03-07 23:31:21] app.INFO: Matched route "{route}". {"route":"DELETE_product_id","route_parameters":{"_controller":"[object] (Closure: {})","id":"1","_route":"DELETE_product_id"},"request_uri":"http://localhost/jmlShopping/public/api.php/product/1","method":"DELETE"} []
[2017-03-07 23:31:21] app.DEBUG: > DELETE /jmlShopping/public/api.php/product/1 [] []
[2017-03-07 23:31:21] app.DEBUG: < 200 [] []
[2017-03-07 23:31:23] app.INFO: Matched route "{route}". {"route":"DELETE_product","route_parameters":{"_controller":"[object] (Closure: {})","_route":"DELETE_product"},"request_uri":"http://localhost/jmlShopping/public/api.php/product","method":"DELETE"} []
[2017-03-07 23:31:23] app.DEBUG: > DELETE /jmlShopping/public/api.php/product [] []
[2017-03-07 23:31:23] app.DEBUG: < 200 [] []
